Arguments: 
  /Users/palmacoe/.nvm/versions/node/v12.13.1/bin/node /Users/palmacoe/.nvm/versions/node/v12.13.1/bin/yarn add @material-ui/lab/Pagination

PATH: 
  /Users/palmacoe/apache-maven-3.8.1/bin:/Users/palmacoe/.poetry/bin:~/.local/bin:/Users/palmacoe/.pyenv/shims:/Users/palmacoe/.pyenv/shims:/Users/palmacoe/.nvm/versions/node/v12.13.1/bin:/Users/palmacoe/bin:/usr/local/bin:/Users/palmacoe/apache-maven-3.8.1/bin:/Users/palmacoe/.poetry/bin:~/.local/bin:/Users/palmacoe/.pyenv/shims:/Users/palmacoe/.pyenv/shims:/home/homebrew/.homebrew/bin:/Users/palmacoe/.poetry/bin:/usr/local/bin:/usr/bin:/bin:/usr/sbin:/sbin:/Library/Apple/usr/bin:/Users/palmacoe/apache-maven-3.8.1/bin:/Users/palmacoe/.poetry/bin:~/.local/bin:/Users/palmacoe/.pyenv/shims:/Users/palmacoe/bin:/home/homebrew/.homebrew/bin:/Users/palmacoe/.local/bin:/Users/palmacoe/flutter/bin:/Users/palmacoe/.local/bin:/Users/palmacoe/.local/bin:/Users/palmacoe/flutter/bin:/Users/palmacoe/.local/bin:/Users/palmacoe/flutter/bin

Yarn version: 
  1.22.10

Node version: 
  12.13.1

Platform: 
  darwin x64

Trace: 
  Error: https://registry.yarnpkg.com/@material-ui%2flab/Pagination: Request "https://registry.yarnpkg.com/@material-ui%2flab/Pagination" returned a 405
      at Request.params.callback [as _callback] (/Users/palmacoe/.nvm/versions/node/v12.13.1/lib/node_modules/yarn/lib/cli.js:66997:18)
      at Request.self.callback (/Users/palmacoe/.nvm/versions/node/v12.13.1/lib/node_modules/yarn/lib/cli.js:140662:22)
      at Request.emit (events.js:210:5)
      at Request.<anonymous> (/Users/palmacoe/.nvm/versions/node/v12.13.1/lib/node_modules/yarn/lib/cli.js:141634:10)
      at Request.emit (events.js:210:5)
      at IncomingMessage.<anonymous> (/Users/palmacoe/.nvm/versions/node/v12.13.1/lib/node_modules/yarn/lib/cli.js:141556:12)
      at Object.onceWrapper (events.js:299:28)
      at IncomingMessage.emit (events.js:215:7)
      at endReadableNT (_stream_readable.js:1184:12)
      at processTicksAndRejections (internal/process/task_queues.js:80:21)

npm manifest: 
  No manifest

yarn manifest: 
  No manifest

Lockfile: 
  No lockfile
